2015-04-10 19:15:46.986 ionic-firebase[1210:10628] DiskCookieStorage changing policy from 2 to 0, cookie file: file:///Users/jaysetti/Library/Developer/CoreSimulator/Devices/B9B24141-3182-4A7F-8C9E-711EE5D284B5/data/Containers/Data/Application/24E2EF64-5B6A-4B15-9C98-19EAB6AE29E4/Library/Cookies/Cookies.binarycookies
2015-04-10 19:15:47.071 ionic-firebase[1210:10628] Apache Cordova native platform version 3.8.0 is starting.
2015-04-10 19:15:47.071 ionic-firebase[1210:10628] Multi-tasking -> Device: YES, App: YES
2015-04-10 19:15:47.088 ionic-firebase[1210:10628] Unlimited access to network resources
2015-04-10 19:15:47.923 ionic-firebase[1210:10628] Resetting plugins due to page load.
2015-04-10 19:15:48.226 ionic-firebase[1210:10628] Finished load of: file:///Users/jaysetti/Library/Developer/CoreSimulator/Devices/B9B24141-3182-4A7F-8C9E-711EE5D284B5/data/Containers/Bundle/Application/C3D00116-14AD-409A-B152-E92E3AF5CC91/ionic-firebase.app/www/index.html
2015-04-10 19:26:00.936 ionic-firebase[1497:13437] DiskCookieStorage changing policy from 2 to 0, cookie file: file:///Users/jaysetti/Library/Developer/CoreSimulator/Devices/B9B24141-3182-4A7F-8C9E-711EE5D284B5/data/Containers/Data/Application/97BF464A-B696-4B8D-A39E-28F8296657D7/Library/Cookies/Cookies.binarycookies
2015-04-10 19:26:01.021 ionic-firebase[1497:13437] Apache Cordova native platform version 3.8.0 is starting.
2015-04-10 19:26:01.022 ionic-firebase[1497:13437] Multi-tasking -> Device: YES, App: YES
2015-04-10 19:26:01.024 ionic-firebase[1497:13437] Unlimited access to network resources
2015-04-10 19:26:01.231 ionic-firebase[1497:13437] Resetting plugins due to page load.
2015-04-10 19:26:01.391 ionic-firebase[1497:13437] Finished load of: file:///Users/jaysetti/Library/Developer/CoreSimulator/Devices/B9B24141-3182-4A7F-8C9E-711EE5D284B5/data/Containers/Bundle/Application/7E2309AD-8214-48DD-9F5F-A325712D3393/ionic-firebase.app/www/index.html
2015-04-10 19:36:02.803 ionic-firebase[1650:15934] DiskCookieStorage changing policy from 2 to 0, cookie file: file:///Users/jaysetti/Library/Developer/CoreSimulator/Devices/B9B24141-3182-4A7F-8C9E-711EE5D284B5/data/Containers/Data/Application/7269683E-3709-4271-82F4-36596CF21C19/Library/Cookies/Cookies.binarycookies
2015-04-10 19:36:02.878 ionic-firebase[1650:15934] Apache Cordova native platform version 3.8.0 is starting.
2015-04-10 19:36:02.879 ionic-firebase[1650:15934] Multi-tasking -> Device: YES, App: YES
2015-04-10 19:36:02.881 ionic-firebase[1650:15934] Unlimited access to network resources
2015-04-10 19:36:03.051 ionic-firebase[1650:15934] Resetting plugins due to page load.
2015-04-10 19:36:03.221 ionic-firebase[1650:15934] Finished load of: file:///Users/jaysetti/Library/Developer/CoreSimulator/Devices/B9B24141-3182-4A7F-8C9E-711EE5D284B5/data/Containers/Bundle/Application/28D530D7-6802-4B56-920F-2E3576F41B8C/ionic-firebase.app/www/index.html
2015-04-10 19:57:49.264 ionic-firebase[2056:21298] DiskCookieStorage changing policy from 2 to 0, cookie file: file:///Users/jaysetti/Library/Developer/CoreSimulator/Devices/B9B24141-3182-4A7F-8C9E-711EE5D284B5/data/Containers/Data/Application/459A993B-8FF5-48E3-A31A-A1953EF99E0F/Library/Cookies/Cookies.binarycookies
2015-04-10 19:57:49.387 ionic-firebase[2056:21298] Apache Cordova native platform version 3.8.0 is starting.
2015-04-10 19:57:49.388 ionic-firebase[2056:21298] Multi-tasking -> Device: YES, App: YES
2015-04-10 19:57:49.390 ionic-firebase[2056:21298] Unlimited access to network resources
2015-04-10 19:57:49.644 ionic-firebase[2056:21298] Resetting plugins due to page load.
2015-04-10 19:57:49.803 ionic-firebase[2056:21298] Finished load of: file:///Users/jaysetti/Library/Developer/CoreSimulator/Devices/B9B24141-3182-4A7F-8C9E-711EE5D284B5/data/Containers/Bundle/Application/89345F41-0433-4B54-96DE-9A57C79D2EC1/ionic-firebase.app/www/index.html
2015-04-11 18:12:13.006 ionic-firebase[8701:186329] DiskCookieStorage changing policy from 2 to 0, cookie file: file:///Users/jaysetti/Library/Developer/CoreSimulator/Devices/B9B24141-3182-4A7F-8C9E-711EE5D284B5/data/Containers/Data/Application/8DE8FDB1-D544-4B91-B7A4-58D3978131A0/Library/Cookies/Cookies.binarycookies
2015-04-11 18:12:13.177 ionic-firebase[8701:186329] Apache Cordova native platform version 3.8.0 is starting.
2015-04-11 18:12:13.177 ionic-firebase[8701:186329] Multi-tasking -> Device: YES, App: YES
2015-04-11 18:12:13.180 ionic-firebase[8701:186329] Unlimited access to network resources
2015-04-11 18:12:13.429 ionic-firebase[8701:186329] Resetting plugins due to page load.
2015-04-11 18:12:13.582 ionic-firebase[8701:186329] Finished load of: file:///Users/jaysetti/Library/Developer/CoreSimulator/Devices/B9B24141-3182-4A7F-8C9E-711EE5D284B5/data/Containers/Bundle/Application/4CADE2BF-163E-45FA-AD51-48FD16C460BB/ionic-firebase.app/www/index.html
2015-04-11 18:12:13.801 ionic-firebase[8701:186365] NSURLConnection/CFURLConnection HTTP load failed (kCFStreamErrorDomainSSL, -9813)
2015-04-11 18:12:13.971 ionic-firebase[8701:186365] NSURLConnection/CFURLConnection HTTP load failed (kCFStreamErrorDomainSSL, -9813)
2015-04-11 18:12:15.040 ionic-firebase[8701:186365] NSURLConnection/CFURLConnection HTTP load failed (kCFStreamErrorDomainSSL, -9813)
2015-04-11 18:12:15.582 ionic-firebase[8701:186365] NSURLConnection/CFURLConnection HTTP load failed (kCFStreamErrorDomainSSL, -9813)
2015-04-11 18:12:16.981 ionic-firebase[8701:186365] NSURLConnection/CFURLConnection HTTP load failed (kCFStreamErrorDomainSSL, -9813)
2015-04-11 18:12:19.619 ionic-firebase[8701:186365] NSURLConnection/CFURLConnection HTTP load failed (kCFStreamErrorDomainSSL, -9813)
2015-04-11 18:12:20.011 ionic-firebase[8701:186365] NSURLConnection/CFURLConnection HTTP load failed (kCFStreamErrorDomainSSL, -9813)
2015-04-11 18:12:21.155 ionic-firebase[8701:186365] NSURLConnection/CFURLConnection HTTP load failed (kCFStreamErrorDomainSSL, -9813)
2015-04-11 18:12:23.441 ionic-firebase[8701:186365] NSURLConnection/CFURLConnection HTTP load failed (kCFStreamErrorDomainSSL, -9813)
2015-04-11 18:12:25.895 ionic-firebase[8701:186365] NSURLConnection/CFURLConnection HTTP load failed (kCFStreamErrorDomainSSL, -9813)
2015-04-11 18:12:30.869 ionic-firebase[8701:186365] NSURLConnection/CFURLConnection HTTP load failed (kCFStreamErrorDomainSSL, -9813)
2015-04-11 18:12:44.511 ionic-firebase[8701:186365] NSURLConnection/CFURLConnection HTTP load failed (kCFStreamErrorDomainSSL, -9813)
2015-04-11 18:13:02.408 ionic-firebase[8701:186365] NSURLConnection/CFURLConnection HTTP load failed (kCFStreamErrorDomainSSL, -9813)
2015-04-11 18:13:07.786 ionic-firebase[8701:186365] NSURLConnection/CFURLConnection HTTP load failed (kCFStreamErrorDomainSSL, -9813)
2015-04-11 18:13:36.653 ionic-firebase[8701:186365] NSURLConnection/CFURLConnection HTTP load failed (kCFStreamErrorDomainSSL, -9813)
2015-04-11 18:14:13.282 ionic-firebase[8701:186365] NSURLConnection/CFURLConnection HTTP load failed (kCFStreamErrorDomainSSL, -9813)
2015-04-11 18:14:43.552 ionic-firebase[8701:186365] NSURLConnection/CFURLConnection HTTP load failed (kCFStreamErrorDomainSSL, -9813)
2015-04-11 18:14:55.591 ionic-firebase[8701:186365] NSURLConnection/CFURLConnection HTTP load failed (kCFStreamErrorDomainSSL, -9813)
2015-04-11 18:15:20.668 ionic-firebase[8701:186365] NSURLConnection/CFURLConnection HTTP load failed (kCFStreamErrorDomainSSL, -9813)
2015-04-11 18:18:08.863 ionic-firebase[9012:188943] DiskCookieStorage changing policy from 2 to 0, cookie file: file:///Users/jaysetti/Library/Developer/CoreSimulator/Devices/B9B24141-3182-4A7F-8C9E-711EE5D284B5/data/Containers/Data/Application/54DAAB01-3C38-4A41-97AB-4B9D6C9AE29A/Library/Cookies/Cookies.binarycookies
2015-04-11 18:18:08.938 ionic-firebase[9012:188943] Apache Cordova native platform version 3.8.0 is starting.
2015-04-11 18:18:08.938 ionic-firebase[9012:188943] Multi-tasking -> Device: YES, App: YES
2015-04-11 18:18:08.940 ionic-firebase[9012:188943] Unlimited access to network resources
2015-04-11 18:18:09.124 ionic-firebase[9012:188943] Resetting plugins due to page load.
2015-04-11 18:18:09.286 ionic-firebase[9012:188943] Finished load of: file:///Users/jaysetti/Library/Developer/CoreSimulator/Devices/B9B24141-3182-4A7F-8C9E-711EE5D284B5/data/Containers/Bundle/Application/C882F5A4-289B-46F1-B69B-3C9FD3BD0B95/ionic-firebase.app/www/index.html
2015-04-11 18:27:59.575 ionic-firebase[9338:192365] DiskCookieStorage changing policy from 2 to 0, cookie file: file:///Users/jaysetti/Library/Developer/CoreSimulator/Devices/B9B24141-3182-4A7F-8C9E-711EE5D284B5/data/Containers/Data/Application/DC74739F-13C6-41F4-9309-0C226A56ED12/Library/Cookies/Cookies.binarycookies
2015-04-11 18:27:59.654 ionic-firebase[9338:192365] Apache Cordova native platform version 3.8.0 is starting.
2015-04-11 18:27:59.655 ionic-firebase[9338:192365] Multi-tasking -> Device: YES, App: YES
2015-04-11 18:27:59.656 ionic-firebase[9338:192365] Unlimited access to network resources
2015-04-11 18:27:59.805 ionic-firebase[9338:192365] Resetting plugins due to page load.
2015-04-11 18:27:59.939 ionic-firebase[9338:192365] Finished load of: file:///Users/jaysetti/Library/Developer/CoreSimulator/Devices/B9B24141-3182-4A7F-8C9E-711EE5D284B5/data/Containers/Bundle/Application/AA508356-F8E2-4A69-A65A-509A28178DF4/ionic-firebase.app/www/index.html
2015-04-11 18:39:54.375 ionic-firebase[9656:196765] DiskCookieStorage changing policy from 2 to 0, cookie file: file:///Users/jaysetti/Library/Developer/CoreSimulator/Devices/B9B24141-3182-4A7F-8C9E-711EE5D284B5/data/Containers/Data/Application/576FB96D-3FCF-4066-A9B4-2687C7B5F1E9/Library/Cookies/Cookies.binarycookies
2015-04-11 18:39:54.468 ionic-firebase[9656:196765] Apache Cordova native platform version 3.8.0 is starting.
2015-04-11 18:39:54.468 ionic-firebase[9656:196765] Multi-tasking -> Device: YES, App: YES
2015-04-11 18:39:54.470 ionic-firebase[9656:196765] Unlimited access to network resources
2015-04-11 18:39:54.728 ionic-firebase[9656:196765] Resetting plugins due to page load.
2015-04-11 18:39:54.921 ionic-firebase[9656:196765] Finished load of: file:///Users/jaysetti/Library/Developer/CoreSimulator/Devices/B9B24141-3182-4A7F-8C9E-711EE5D284B5/data/Containers/Bundle/Application/F629FCB4-302C-43FF-AF2F-75705E3AEEAB/ionic-firebase.app/www/index.html
